{
  "RSpec": {
    "coverage": {
      "/Users/chh/code/codecov-sandbox/app/models/post.rb": {
        "lines": [
          1,
          1,
          1,
          null,
          null
        ]
      },
      "/Users/chh/code/codecov-sandbox/app/models/application_record.rb": {
        "lines": [
          1,
          1,
          null
        ]
      },
      "/Users/chh/code/codecov-sandbox/spec/models/user_spec.rb": {
        "lines": [
          1,
          null,
          1,
          1,
          3,
          null,
          3,
          null,
          1,
          2,
          null,
          2,
          null,
          null,
          1,
          2,
          null,
          2,
          null,
          null,
          null
        ]
      },
      "/Users/chh/code/codecov-sandbox/app/models/user.rb": {
        "lines": [
          1,
          1,
          2,
          null,
          null
        ]
      }
    },
    "timestamp": 1624634760
  }
}
